[{"date":1,"ot":"","staytime":"","hours":0,"minutes":0},{"date":2,"ot":"","staytime":"","hours":0,"minutes":0},{"date":3,"ot":"","staytime":"","hours":0,"minutes":0},{"date":4,"ot":"","staytime":"","hours":0,"minutes":0},{"date":5,"ot":"","staytime":"","hours":0,"minutes":0},{"date":6,"ot":"","staytime":"","hours":0,"minutes":0},{"date":7,"ot":"","staytime":"","hours":0,"minutes":0},{"date":8,"ot":"","staytime":"","hours":0,"minutes":0},{"date":9,"ot":"","staytime":"","hours":0,"minutes":0},{"date":10,"ot":"","staytime":"","hours":0,"minutes":0},{"date":11,"ot":"","staytime":"","hours":0,"minutes":0},{"date":12,"ot":"","staytime":"","hours":0,"minutes":0},{"date":13,"ot":"","staytime":"","hours":0,"minutes":0},{"date":14,"ot":"","staytime":"","hours":0,"minutes":0},{"date":15,"ot":"","staytime":"","hours":0,"minutes":0},{"date":16,"ot":"","staytime":"","hours":0,"minutes":0},{"date":17,"ot":"","staytime":"","hours":0,"minutes":0},{"date":18,"ot":"","staytime":"","hours":0,"minutes":0},{"date":19,"ot":"","staytime":"","hours":0,"minutes":0},{"date":20,"ot":"","staytime":"","hours":0,"minutes":0},{"date":21,"ot":"","staytime":"","hours":0,"minutes":0},{"date":22,"ot":"","staytime":"","hours":0,"minutes":0},{"date":23,"ot":"","staytime":"","hours":0,"minutes":0},{"date":24,"ot":"","staytime":"","hours":0,"minutes":0},{"date":25,"ot":"","staytime":"","hours":0,"minutes":0},{"date":26,"ot":"","staytime":"","hours":0,"minutes":0},{"date":27,"ot":"","staytime":"","hours":0,"minutes":0},{"date":28,"ot":"","staytime":"","hours":0,"minutes":0},{"date":29,"ot":"","staytime":"","hours":0,"minutes":0},{"date":30,"ot":"","staytime":"","hours":0,"minutes":0},{"date":31,"ot":"","staytime":"","hours":0,"minutes":0}]
[{"date":1,"ot":"","staytime":"","hours":0,"minutes":0},{"date":2,"ot":"2","staytime":"13:32:00","hours":4,"minutes":5},{"date":3,"ot":"","staytime":"","hours":0,"minutes":0},{"date":4,"ot":"","staytime":"","hours":0,"minutes":0},{"date":5,"ot":"","staytime":"","hours":0,"minutes":0},{"date":6,"ot":"","staytime":"","hours":0,"minutes":0},{"date":7,"ot":"","staytime":"","hours":0,"minutes":0},{"date":8,"ot":"","staytime":"","hours":0,"minutes":0},{"date":9,"ot":"","staytime":"","hours":0,"minutes":0},{"date":10,"ot":"","staytime":"","hours":0,"minutes":0},{"date":11,"ot":"","staytime":"","hours":0,"minutes":0},{"date":12,"ot":"","staytime":"","hours":0,"minutes":0},{"date":13,"ot":"","staytime":"","hours":0,"minutes":0},{"date":14,"ot":"","staytime":"","hours":0,"minutes":0},{"date":15,"ot":"","staytime":"","hours":0,"minutes":0},{"date":16,"ot":"","staytime":"","hours":0,"minutes":0},{"date":17,"ot":"","staytime":"","hours":0,"minutes":0},{"date":18,"ot":"","staytime":"","hours":0,"minutes":0},{"date":19,"ot":"","staytime":"","hours":0,"minutes":0},{"date":20,"ot":"","staytime":"","hours":0,"minutes":0},{"date":21,"ot":"","staytime":"","hours":0,"minutes":0},{"date":22,"ot":"","staytime":"","hours":0,"minutes":0},{"date":23,"ot":"","staytime":"","hours":0,"minutes":0},{"date":24,"ot":"","staytime":"","hours":0,"minutes":0},{"date":25,"ot":"","staytime":"","hours":0,"minutes":0},{"date":26,"ot":"","staytime":"","hours":0,"minutes":0},{"date":27,"ot":"","staytime":"","hours":0,"minutes":0},{"date":28,"ot":"","staytime":"","hours":0,"minutes":0},{"date":29,"ot":"","staytime":"","hours":0,"minutes":0},{"date":30,"ot":"","staytime":"","hours":0,"minutes":0},{"date":31,"ot":"","staytime":"","hours":0,"minutes":0}]
[{"date":1,"ot":"","staytime":"","hours":0,"minutes":0},{"date":2,"ot":"","staytime":"","hours":0,"minutes":0},{"date":3,"ot":"1","staytime":"09:00:00","hours":0,"minutes":0},{"date":4,"ot":"1","staytime":"09:00:00","hours":0,"minutes":0},{"date":5,"ot":"1","staytime":"09:00:00","hours":0,"minutes":0},{"date":6,"ot":"1","staytime":"09:00:00","hours":0,"minutes":0},{"date":7,"ot":"1","staytime":"09:00:00","hours":0,"minutes":0},{"date":8,"ot":"","staytime":"","hours":0,"minutes":0},{"date":9,"ot":"","staytime":"","hours":0,"minutes":0},{"date":10,"ot":"1","staytime":"09:00:00","hours":0,"minutes":0},{"date":11,"ot":"1","staytime":"08:55:00","hours":0,"minutes":0},{"date":12,"ot":"1","staytime":"09:00:00","hours":0,"minutes":0},{"date":13,"ot":"1","staytime":"09:00:00","hours":0,"minutes":0},{"date":14,"ot":"1","staytime":"09:00:00","hours":0,"minutes":0},{"date":15,"ot":"","staytime":"","hours":0,"minutes":0},{"date":16,"ot":"","staytime":"","hours":0,"minutes":0},{"date":17,"ot":"1","staytime":"09:00:00","hours":0,"minutes":0},{"date":18,"ot":"1","staytime":"09:00:00","hours":0,"minutes":0},{"date":19,"ot":"1","staytime":"09:00:00","hours":0,"minutes":0},{"date":20,"ot":"1","staytime":"09:30:00","hours":0,"minutes":5},{"date":21,"ot":"2","staytime":"09:30:00","hours":0,"minutes":5},{"date":22,"ot":"","staytime":"","hours":0,"minutes":0},{"date":23,"ot":"","staytime":"","hours":0,"minutes":0},{"date":24,"ot":"1","staytime":"09:30:00","hours":0,"minutes":5},{"date":25,"ot":"1","staytime":"09:30:00","hours":0,"minutes":5},{"date":26,"ot":"1","staytime":"09:30:00","hours":0,"minutes":5},{"date":27,"ot":"1","staytime":"09:30:00","hours":0,"minutes":5},{"date":28,"ot":"1","staytime":"09:30:00","hours":0,"minutes":5},{"date":29,"ot":"","staytime":"","hours":0,"minutes":0},{"date":30,"ot":"","staytime":"","hours":0,"minutes":0},{"date":31,"ot":"1","staytime":"10:00:00","hours":1,"minutes":0}]
[{"date":1,"ot":"","staytime":"","hours":0,"minutes":0},{"date":2,"ot":"","staytime":"","hours":0,"minutes":0},{"date":3,"ot":"","staytime":"","hours":0,"minutes":0},{"date":4,"ot":"","staytime":"","hours":0,"minutes":0},{"date":5,"ot":"","staytime":"","hours":0,"minutes":0},{"date":6,"ot":"","staytime":"","hours":0,"minutes":0},{"date":7,"ot":"","staytime":"","hours":0,"minutes":0},{"date":8,"ot":"","staytime":"","hours":0,"minutes":0},{"date":9,"ot":"","staytime":"","hours":0,"minutes":0},{"date":10,"ot":"","staytime":"","hours":0,"minutes":0},{"date":11,"ot":"","staytime":"","hours":0,"minutes":0},{"date":12,"ot":"","staytime":"","hours":0,"minutes":0},{"date":13,"ot":"","staytime":"","hours":0,"minutes":0},{"date":14,"ot":"","staytime":"","hours":0,"minutes":0},{"date":15,"ot":"","staytime":"","hours":0,"minutes":0},{"date":16,"ot":"","staytime":"","hours":0,"minutes":0},{"date":17,"ot":"","staytime":"","hours":0,"minutes":0},{"date":18,"ot":"","staytime":"","hours":0,"minutes":0},{"date":19,"ot":"","staytime":"","hours":0,"minutes":0},{"date":20,"ot":"","staytime":"","hours":0,"minutes":0},{"date":21,"ot":"","staytime":"","hours":0,"minutes":0},{"date":22,"ot":"","staytime":"","hours":0,"minutes":0},{"date":23,"ot":"","staytime":"","hours":0,"minutes":0},{"date":24,"ot":"","staytime":"","hours":0,"minutes":0},{"date":25,"ot":"","staytime":"","hours":0,"minutes":0},{"date":26,"ot":"","staytime":"","hours":0,"minutes":0},{"date":27,"ot":"","staytime":"","hours":0,"minutes":0},{"date":28,"ot":"","staytime":"","hours":0,"minutes":0},{"date":29,"ot":"","staytime":"","hours":0,"minutes":0},{"date":30,"ot":"","staytime":"","hours":0,"minutes":0},{"date":31,"ot":"","staytime":"","hours":0,"minutes":0}]
[{"date":1,"ot":"","staytime":"","hours":0,"minutes":0},{"date":2,"ot":"","staytime":"","hours":0,"minutes":0},{"date":3,"ot":"1","staytime":"09:00:00","hours":0,"minutes":0},{"date":4,"ot":"1","staytime":"09:00:00","hours":0,"minutes":0},{"date":5,"ot":"1","staytime":"09:30:00","hours":0,"minutes":5},{"date":6,"ot":"1","staytime":"09:00:00","hours":0,"minutes":0},{"date":7,"ot":"1","staytime":"09:00:00","hours":0,"minutes":0},{"date":8,"ot":"","staytime":"","hours":0,"minutes":0},{"date":9,"ot":"","staytime":"","hours":0,"minutes":0},{"date":10,"ot":"1","staytime":"09:29:00","hours":0,"minutes":0},{"date":11,"ot":"1","staytime":"08:51:00","hours":0,"minutes":0},{"date":12,"ot":"1","staytime":"09:00:00","hours":0,"minutes":0},{"date":13,"ot":"1","staytime":"09:00:00","hours":0,"minutes":0},{"date":14,"ot":"1","staytime":"09:00:00","hours":0,"minutes":0},{"date":15,"ot":"","staytime":"","hours":0,"minutes":0},{"date":16,"ot":"","staytime":"","hours":0,"minutes":0},{"date":17,"ot":"1","staytime":"08:51:00","hours":0,"minutes":0},{"date":18,"ot":"1","staytime":"09:00:00","hours":0,"minutes":0},{"date":19,"ot":"1","staytime":"08:51:00","hours":0,"minutes":0},{"date":20,"ot":"1","staytime":"09:00:00","hours":0,"minutes":0},{"date":21,"ot":"2","staytime":"08:59:00","hours":0,"minutes":0},{"date":22,"ot":"","staytime":"","hours":0,"minutes":0},{"date":23,"ot":"","staytime":"","hours":0,"minutes":0},{"date":24,"ot":"1","staytime":"09:15:00","hours":0,"minutes":0},{"date":25,"ot":"1","staytime":"09:00:00","hours":0,"minutes":0},{"date":26,"ot":"1","staytime":"09:30:00","hours":0,"minutes":5},{"date":27,"ot":"1","staytime":"09:00:00","hours":0,"minutes":0},{"date":28,"ot":"1","staytime":"09:01:00","hours":0,"minutes":0},{"date":29,"ot":"","staytime":"","hours":0,"minutes":0},{"date":30,"ot":"","staytime":"","hours":0,"minutes":0},{"date":31,"ot":"1","staytime":"09:59:00","hours":0,"minutes":5}]
[{"date":1,"ot":"","staytime":"","hours":0,"minutes":0},{"date":2,"ot":"","staytime":"","hours":0,"minutes":0},{"date":3,"ot":"1","staytime":"08:30:00","hours":0,"minutes":0},{"date":4,"ot":"1","staytime":"09:00:00","hours":0,"minutes":0},{"date":5,"ot":"1","staytime":"09:00:00","hours":0,"minutes":0},{"date":6,"ot":"1","staytime":"09:00:00","hours":0,"minutes":0},{"date":7,"ot":"1","staytime":"08:30:00","hours":0,"minutes":0},{"date":8,"ot":"","staytime":"","hours":0,"minutes":0},{"date":9,"ot":"","staytime":"","hours":0,"minutes":0},{"date":10,"ot":"1","staytime":"08:30:00","hours":0,"minutes":0},{"date":11,"ot":"1","staytime":"09:00:00","hours":0,"minutes":0},{"date":12,"ot":"1","staytime":"08:30:00","hours":0,"minutes":0},{"date":13,"ot":"1","staytime":"09:00:00","hours":0,"minutes":0},{"date":14,"ot":"1","staytime":"09:00:00","hours":0,"minutes":0},{"date":15,"ot":"","staytime":"","hours":0,"minutes":0},{"date":16,"ot":"","staytime":"","hours":0,"minutes":0},{"date":17,"ot":"1","staytime":"09:00:00","hours":0,"minutes":0},{"date":18,"ot":"1","staytime":"08:30:00","hours":0,"minutes":0},{"date":19,"ot":"1","staytime":"09:00:00","hours":0,"minutes":0},{"date":20,"ot":"1","staytime":"08:30:00","hours":0,"minutes":0},{"date":21,"ot":"2","staytime":"09:15:00","hours":0,"minutes":0},{"date":22,"ot":"","staytime":"","hours":0,"minutes":0},{"date":23,"ot":"","staytime":"","hours":0,"minutes":0},{"date":24,"ot":"1","staytime":"09:10:00","hours":0,"minutes":0},{"date":25,"ot":"1","staytime":"08:40:00","hours":0,"minutes":0},{"date":26,"ot":"1","staytime":"09:10:00","hours":0,"minutes":0},{"date":27,"ot":"1","staytime":"09:10:00","hours":0,"minutes":0},{"date":28,"ot":"1","staytime":"08:30:00","hours":0,"minutes":0},{"date":29,"ot":"","staytime":"","hours":0,"minutes":0},{"date":30,"ot":"","staytime":"","hours":0,"minutes":0},{"date":31,"ot":"1","staytime":"09:31:00","hours":0,"minutes":5}]
[{"date":1,"ot":"","staytime":"","hours":0,"minutes":0},{"date":2,"ot":"","staytime":"","hours":0,"minutes":0},{"date":3,"ot":"1","staytime":"08:00:00","hours":0,"minutes":0},{"date":4,"ot":"1","staytime":"08:00:00","hours":0,"minutes":0},{"date":5,"ot":"1","staytime":"08:00:00","hours":0,"minutes":0},{"date":6,"ot":"1","staytime":"09:30:00","hours":0,"minutes":5},{"date":7,"ot":"1","staytime":"08:00:00","hours":0,"minutes":0},{"date":8,"ot":"","staytime":"","hours":0,"minutes":0},{"date":9,"ot":"","staytime":"","hours":0,"minutes":0},{"date":10,"ot":"1","staytime":"08:00:00","hours":0,"minutes":0},{"date":11,"ot":"1","staytime":"09:30:00","hours":0,"minutes":5},{"date":12,"ot":"1","staytime":"08:00:00","hours":0,"minutes":0},{"date":13,"ot":"1","staytime":"08:00:00","hours":0,"minutes":0},{"date":14,"ot":"1","staytime":"09:30:00","hours":0,"minutes":5},{"date":15,"ot":"","staytime":"","hours":0,"minutes":0},{"date":16,"ot":"","staytime":"","hours":0,"minutes":0},{"date":17,"ot":"1","staytime":"09:30:00","hours":0,"minutes":5},{"date":18,"ot":"1","staytime":"08:00:00","hours":0,"minutes":0},{"date":19,"ot":"1","staytime":"09:30:00","hours":0,"minutes":5},{"date":20,"ot":"1","staytime":"08:31:00","hours":0,"minutes":0},{"date":21,"ot":"2","staytime":"09:31:00","hours":0,"minutes":5},{"date":22,"ot":"","staytime":"","hours":0,"minutes":0},{"date":23,"ot":"","staytime":"","hours":0,"minutes":0},{"date":24,"ot":"1","staytime":"09:30:00","hours":0,"minutes":5},{"date":25,"ot":"1","staytime":"08:31:00","hours":0,"minutes":0},{"date":26,"ot":"1","staytime":"09:30:00","hours":0,"minutes":5},{"date":27,"ot":"1","staytime":"09:30:00","hours":0,"minutes":5},{"date":28,"ot":"1","staytime":"08:31:00","hours":0,"minutes":0},{"date":29,"ot":"","staytime":"","hours":0,"minutes":0},{"date":30,"ot":"","staytime":"","hours":0,"minutes":0},{"date":31,"ot":"1","staytime":"10:01:00","hours":1,"minutes":0}]
"0jj"
"1jj"
"2jj"
"3jj"
"4jj"
"5jj"
"6jj"
"7jj"
"8jj"
"9jj"
"10jj"
"11jj"
"12jj"
"13jj"
"14jj"
"15jj"
"16jj"
"17jj"
"18jj"
"19jj"
"20jj"
"21jj"
"22jj"
"23jj"
"24jj"
"25jj"
"26jj"
"27jj"
"28jj"
"29jj"
"30jj"
"0jj"
"1jj2"
"2jj"
"3jj"
"4jj"
"5jj"
"6jj"
"7jj"
"8jj"
"9jj"
"10jj"
"11jj"
"12jj"
"13jj"
"14jj"
"15jj"
"16jj"
"17jj"
"18jj"
"19jj"
"20jj"
"21jj"
"22jj"
"23jj"
"24jj"
"25jj"
"26jj"
"27jj"
"28jj"
"29jj"
"30jj"
"0jj"
"1jj"
"2jj1"
"3jj1"
"4jj1"
"5jj1"
"6jj1"
"7jj"
"8jj"
"9jj1"
"10jj1"
"11jj1"
"12jj1"
"13jj1"
"14jj"
"15jj"
"16jj1"
"17jj1"
"18jj1"
"19jj1"
"20jj2"
"21jj"
"22jj"
"23jj1"
"24jj1"
"25jj1"
"26jj1"
"27jj1"
"28jj"
"29jj"
"30jj1"
"0jj"
"1jj"
"2jj"
"3jj"
"4jj"
"5jj"
"6jj"
"7jj"
"8jj"
"9jj"
"10jj"
"11jj"
"12jj"
"13jj"
"14jj"
"15jj"
"16jj"
"17jj"
"18jj"
"19jj"
"20jj"
"21jj"
"22jj"
"23jj"
"24jj"
"25jj"
"26jj"
"27jj"
"28jj"
"29jj"
"30jj"
"0jj"
"1jj"
"2jj1"
"3jj1"
"4jj1"
"5jj1"
"6jj1"
"7jj"
"8jj"
"9jj1"
"10jj1"
"11jj1"
"12jj1"
"13jj1"
"14jj"
"15jj"
"16jj1"
"17jj1"
"18jj1"
"19jj1"
"20jj2"
"21jj"
"22jj"
"23jj1"
"24jj1"
"25jj1"
"26jj1"
"27jj1"
"28jj"
"29jj"
"30jj1"
"0jj"
"1jj"
"2jj1"
"3jj1"
"4jj1"
"5jj1"
"6jj1"
"7jj"
"8jj"
"9jj1"
"10jj1"
"11jj1"
"12jj1"
"13jj1"
"14jj"
"15jj"
"16jj1"
"17jj1"
"18jj1"
"19jj1"
"20jj2"
"21jj"
"22jj"
"23jj1"
"24jj1"
"25jj1"
"26jj1"
"27jj1"
"28jj"
"29jj"
"30jj1"
"0jj"
"1jj"
"2jj1"
"3jj1"
"4jj1"
"5jj1"
"6jj1"
"7jj"
"8jj"
"9jj1"
"10jj1"
"11jj1"
"12jj1"
"13jj1"
"14jj"
"15jj"
"16jj1"
"17jj1"
"18jj1"
"19jj1"
"20jj2"
"21jj"
"22jj"
"23jj1"
"24jj1"
"25jj1"
"26jj1"
"27jj1"
"28jj"
"29jj"
"30jj1"
"0jj"
"1jj"
"2jj"
"3jj"
"4jj"
"5jj"
"6jj"
"7jj"
"8jj"
"9jj"
"10jj"
"11jj"
"12jj"
"13jj"
"14jj"
"15jj"
"16jj"
"17jj"
"18jj"
"19jj"
"20jj"
"21jj"
"22jj"
"23jj"
"24jj"
"25jj"
"26jj"
"27jj"
"28jj"
"29jj"
"30jj"
"0jj"
"1jj"
"2jj"
"3jj"
"4jj"
"5jj"
"6jj"
"7jj"
"8jj"
"9jj"
"10jj"
"11jj"
"12jj"
"13jj"
"14jj"
"15jj"
"16jj"
"17jj"
"18jj"
"19jj"
"20jj"
"21jj"
"22jj"
"23jj"
"24jj"
"25jj"
"26jj"
"27jj"
"28jj"
"29jj"
"30jj"
"0jj"
"1jj"
"2jj"
"3jj"
"4jj"
"5jj"
"6jj"
"7jj"
"8jj"
"9jj"
"10jj"
"11jj"
"12jj"
"13jj"
"14jj"
"15jj"
"16jj"
"17jj"
"18jj"
"19jj"
"20jj"
"21jj"
"22jj"
"23jj"
"24jj"
"25jj"
"26jj"
"27jj"
"28jj"
"29jj"
"30jj"
"0jj"
"1jj2"
"2jj"
"3jj"
"4jj"
"5jj"
"6jj"
"7jj"
"8jj"
"9jj"
"10jj"
"11jj"
"12jj"
"13jj"
"14jj"
"15jj"
"16jj"
"17jj"
"18jj"
"19jj"
"20jj"
"21jj"
"22jj"
"23jj"
"24jj"
"25jj"
"26jj"
"27jj"
"28jj"
"29jj"
"30jj"
"0jj"
"1jj"
"2jj1"
"3jj1"
"4jj1"
"5jj1"
"6jj1"
"7jj"
"8jj"
"9jj1"
"10jj1"
"11jj1"
"12jj1"
"13jj1"
"14jj"
"15jj"
"16jj1"
"17jj1"
"18jj1"
"19jj1"
"20jj2"
"21jj"
"22jj"
"23jj1"
"24jj1"
"25jj1"
"26jj1"
"27jj1"
"28jj"
"29jj"
"30jj1"
"0jj"
"1jj"
"2jj"
"3jj"
"4jj"
"5jj"
"6jj"
"7jj"
"8jj"
"9jj"
"10jj"
"11jj"
"12jj"
"13jj"
"14jj"
"15jj"
"16jj"
"17jj"
"18jj"
"19jj"
"20jj"
"21jj"
"22jj"
"23jj"
"24jj"
"25jj"
"26jj"
"27jj"
"28jj"
"29jj"
"30jj"
"0jj"
"1jj"
"2jj1"
"3jj1"
"4jj1"
"5jj1"
"6jj1"
"7jj"
"8jj"
"9jj1"
"10jj1"
"11jj1"
"12jj1"
"13jj1"
"14jj"
"15jj"
"16jj1"
"17jj1"
"18jj1"
"19jj1"
"20jj2"
"21jj"
"22jj"
"23jj1"
"24jj1"
"25jj1"
"26jj1"
"27jj1"
"28jj"
"29jj"
"30jj1"
"0jj"
"1jj"
"2jj1"
"3jj1"
"4jj1"
"5jj1"
"6jj1"
"7jj"
"8jj"
"9jj1"
"10jj1"
"11jj1"
"12jj1"
"13jj1"
"14jj"
"15jj"
"16jj1"
"17jj1"
"18jj1"
"19jj1"
"20jj2"
"21jj"
"22jj"
"23jj1"
"24jj1"
"25jj1"
"26jj1"
"27jj1"
"28jj"
"29jj"
"30jj1"
"0jj"
"1jj"
"2jj1"
"3jj1"
"4jj1"
"5jj1"
"6jj1"
"7jj"
"8jj"
"9jj1"
"10jj1"
"11jj1"
"12jj1"
"13jj1"
"14jj"
"15jj"
"16jj1"
"17jj1"
"18jj1"
"19jj1"
"20jj2"
"21jj"
"22jj"
"23jj1"
"24jj1"
"25jj1"
"26jj1"
"27jj1"
"28jj"
"29jj"
"30jj1"
"0jj"
"1jj"
"2jj"
"3jj"
"4jj"
"5jj"
"6jj"
"7jj"
"8jj"
"9jj"
"10jj"
"11jj"
"12jj"
"13jj"
"14jj"
"15jj"
"16jj"
"17jj"
"18jj"
"19jj"
"20jj"
"21jj"
"22jj"
"23jj"
"24jj"
"25jj"
"26jj"
"27jj"
"28jj"
"29jj"
"30jj"
"0jj"
"1jj"
"2jj"
"3jj"
"4jj"
"5jj"
"6jj"
"7jj"
"8jj"
"9jj"
"10jj"
"11jj"
"12jj"
"13jj"
"14jj"
"15jj"
"16jj"
"17jj"
"18jj"
"19jj"
"20jj"
"21jj"
"22jj"
"23jj"
"24jj"
"25jj"
"26jj"
"27jj"
"28jj"
"29jj"
"30jj"
"0jj"
"1jj2"
"2jj"
"3jj"
"4jj"
"5jj"
"6jj"
"7jj"
"8jj"
"9jj"
"10jj"
"11jj"
"12jj"
"13jj"
"14jj"
"15jj"
"16jj"
"17jj"
"18jj"
"19jj"
"20jj"
"21jj"
"22jj"
"23jj"
"24jj"
"25jj"
"26jj"
"27jj"
"28jj"
"29jj"
"30jj"
"0jj"
"1jj"
"2jj1"
"3jj1"
"4jj1"
"5jj1"
"6jj1"
"7jj"
"8jj"
"9jj1"
"10jj1"
"11jj1"
"12jj1"
"13jj1"
"14jj"
"15jj"
"16jj1"
"17jj1"
"18jj1"
"19jj1"
"20jj2"
"21jj"
"22jj"
"23jj1"
"24jj1"
"25jj1"
"26jj1"
"27jj1"
"28jj"
"29jj"
"30jj1"
"0jj"
"1jj"
"2jj"
"3jj"
"4jj"
"5jj"
"6jj"
"7jj"
"8jj"
"9jj"
"10jj"
"11jj"
"12jj"
"13jj"
"14jj"
"15jj"
"16jj"
"17jj"
"18jj"
"19jj"
"20jj"
"21jj"
"22jj"
"23jj"
"24jj"
"25jj"
"26jj"
"27jj"
"28jj"
"29jj"
"30jj"
"0jj"
"1jj"
"2jj1"
"3jj1"
"4jj1"
"5jj1"
"6jj1"
"7jj"
"8jj"
"9jj1"
"10jj1"
"11jj1"
"12jj1"
"13jj1"
"14jj"
"15jj"
"16jj1"
"17jj1"
"18jj1"
"19jj1"
"20jj2"
"21jj"
"22jj"
"23jj1"
"24jj1"
"25jj1"
"26jj1"
"27jj1"
"28jj"
"29jj"
"30jj1"
"0jj"
"1jj"
"2jj1"
"3jj1"
"4jj1"
"5jj1"
"6jj1"
"7jj"
"8jj"
"9jj1"
"10jj1"
"11jj1"
"12jj1"
"13jj1"
"14jj"
"15jj"
"16jj1"
"17jj1"
"18jj1"
"19jj1"
"20jj2"
"21jj"
"22jj"
"23jj1"
"24jj1"
"25jj1"
"26jj1"
"27jj1"
"28jj"
"29jj"
"30jj1"
"0jj"
"1jj"
"2jj1"
"3jj1"
"4jj1"
"5jj1"
"6jj1"
"7jj"
"8jj"
"9jj1"
"10jj1"
"11jj1"
"12jj1"
"13jj1"
"14jj"
"15jj"
"16jj1"
"17jj1"
"18jj1"
"19jj1"
"20jj2"
"21jj"
"22jj"
"23jj1"
"24jj1"
"25jj1"
"26jj1"
"27jj1"
"28jj"
"29jj"
"30jj1"
